[     612ms] [WARNING] ph global store is not initialized. Did you call setRenown? @ http://localhost:3000/_next/static/chunks/0jvu_next_dist_09tqux~._.js:2431
[     612ms] [WARNING] ph global store is not initialized. Did you call setRenown? @ http://localhost:3000/_next/static/chunks/0jvu_next_dist_09tqux~._.js:2431
[     661ms] [ERROR] Cannot update a component (`%s`) while rendering a different component (`%s`). To locate the bad setState() call inside `%s`, follow the stack trace as described in https://react.dev/link/setstate-in-render RenownButton Renown Renown @ http://localhost:3000/_next/static/chunks/0jvu_next_dist_09tqux~._.js:3272
[   60644ms] [ERROR] ./powerhouse/vetra.to/app/packages/components/package-card.tsx:8:1
Module not found: Can't resolve './package-preview'
   6 | import { Card, CardContent } from '@/modules/shared/components/ui/card'
   7 | import { Badge } from '@/modules/shared/components/ui/badge'
>  8 | import { PackagePreview } from './package-preview'
     | ^^^^^^^^^^^^^^^^^^^^^^^^^^^^^^^^^^^^^^^^^^^^^^^^^^
   9 |
  10 | export function PackageCard(props: { manifest: Manifest; searchWords: string[] }) {
  11 |   const {

Import trace:
  Server Component:
    ./powerhouse/vetra.to/app/packages/components/package-card.tsx
    ./powerhouse/vetra.to/app/packages/page.tsx

https://nextjs.org/docs/messages/module-not-found @ http://localhost:3000/_next/static/chunks/0jvu_next_dist_09tqux~._.js:3272
[   60644ms] [ERROR] ./powerhouse/vetra.to/app/packages/[id]/page.tsx:23:1
Module not found: Can't resolve '../components/package-preview'
  21 | import { Button } from '@/modules/shared/components/ui/button'
  22 | import { REGISTRY_URL } from '../lib/constants'
> 23 | import { PackagePreview } from '../components/package-preview'
     | ^^^^^^^^^^^^^^^^^^^^^^^^^^^^^^^^^^^^^^^^^^^^^^^^^^^^^^^^^^^^^^
  24 |
  25 | interface PackageDetailPageProps {
  26 |   params: {

https://nextjs.org/docs/messages/module-not-found @ http://localhost:3000/_next/static/chunks/0jvu_next_dist_09tqux~._.js:3272
[   61024ms] [ERROR] ./powerhouse/vetra.to/app/packages/components/package-card.tsx:8:1
Module not found: Can't resolve './package-preview'
   6 | import { Card, CardContent } from '@/modules/shared/components/ui/card'
   7 | import { Badge } from '@/modules/shared/components/ui/badge'
>  8 | import { PackagePreview } from './package-preview'
     | ^^^^^^^^^^^^^^^^^^^^^^^^^^^^^^^^^^^^^^^^^^^^^^^^^^
   9 |
  10 | export function PackageCard(props: { manifest: Manifest; searchWords: string[] }) {
  11 |   const {

Import trace:
  Server Component:
    ./powerhouse/vetra.to/app/packages/components/package-card.tsx
    ./powerhouse/vetra.to/app/packages/page.tsx

https://nextjs.org/docs/messages/module-not-found @ http://localhost:3000/_next/static/chunks/0jvu_next_dist_09tqux~._.js:3272
[   61024ms] [ERROR] ./powerhouse/vetra.to/app/packages/[id]/page.tsx:23:1
Module not found: Can't resolve '../components/package-preview'
  21 | import { Button } from '@/modules/shared/components/ui/button'
  22 | import { REGISTRY_URL } from '../lib/constants'
> 23 | import { PackagePreview } from '../components/package-preview'
     | ^^^^^^^^^^^^^^^^^^^^^^^^^^^^^^^^^^^^^^^^^^^^^^^^^^^^^^^^^^^^^^
  24 |
  25 | interface PackageDetailPageProps {
  26 |   params: {

https://nextjs.org/docs/messages/module-not-found @ http://localhost:3000/_next/static/chunks/0jvu_next_dist_09tqux~._.js:3272
[   61026ms] [ERROR] Failed to load resource: the server responded with a status of 500 (Internal Server Error) @ http://localhost:3000/packages?_rsc=1k6ir:0
[   61060ms] [ERROR] Failed to load resource: the server responded with a status of 500 (Internal Server Error) @ http://localhost:3000/packages?_rsc=1k6ir:0
[   61102ms] [ERROR] Failed to load resource: the server responded with a status of 500 (Internal Server Error) @ http://localhost:3000/packages:0
[   61385ms] Error: ./powerhouse/vetra.to/app/packages/components/package-card.tsx:8:1
Module not found: Can't resolve './package-preview'
   6 | import { Card, CardContent } from '@/modules/shared/components/ui/card'
   7 | import { Badge } from '@/modules/shared/components/ui/badge'
>  8 | import { PackagePreview } from './package-preview'
     | ^^^^^^^^^^^^^^^^^^^^^^^^^^^^^^^^^^^^^^^^^^^^^^^^^^
   9 |
  10 | export function PackageCard(props: { manifest: Manifest; searchWords: string[] }) {
  11 |   const {



Import trace:
  Server Component:
    ./powerhouse/vetra.to/app/packages/components/package-card.tsx
    ./powerhouse/vetra.to/app/packages/page.tsx

https://nextjs.org/docs/messages/module-not-found


    at <unknown> (Error: ./powerhouse/vetra.to/app/packages/components/package-card.tsx:8:1)
    at <unknown> (https://nextjs.org/docs/messages/module-not-found)
    at Object.getCompilationErrors (file:///home/froid/projects/powerhouse/vetra.to/node_modules/.pnpm/next@16.2.2_@babel+core@7.28.4_@playwright+test@1.59.0_react-dom@19.1.0_react@19.1.0__react@19.1.0/node_modules/next/dist/server/dev/hot-reloader-turbopack.js:1186:59)
    at DevBundlerService.getCompilationError (file:///home/froid/projects/powerhouse/vetra.to/node_modules/.pnpm/next@16.2.2_@babel+core@7.28.4_@playwright+test@1.59.0_react-dom@19.1.0_react@19.1.0__react@19.1.0/node_modules/next/dist/server/lib/dev-bundler-service.js:44:55)
    at DevServer.getCompilationError (file:///home/froid/projects/powerhouse/vetra.to/node_modules/.pnpm/next@16.2.2_@babel+core@7.28.4_@playwright+test@1.59.0_react-dom@19.1.0_react@19.1.0__react@19.1.0/node_modules/next/dist/server/dev/next-dev-server.js:719:42)
    at DevServer.findPageComponents (file:///home/froid/projects/powerhouse/vetra.to/node_modules/.pnpm/next@16.2.2_@babel+core@7.28.4_@playwright+test@1.59.0_react-dom@19.1.0_react@19.1.0__react@19.1.0/node_modules/next/dist/server/dev/next-dev-server.js:689:43)
    at async DevServer.renderErrorToResponseImpl (file:///home/froid/projects/powerhouse/vetra.to/node_modules/.pnpm/next@16.2.2_@babel+core@7.28.4_@playwright+test@1.59.0_react-dom@19.1.0_react@19.1.0__react@19.1.0/node_modules/next/dist/server/base-server.js:1745:26)
[   61427ms] [ERROR] ./powerhouse/vetra.to/app/packages/components/package-card.tsx:8:1
Module not found: Can't resolve './package-preview'
   6 | import { Card, CardContent } from '@/modules/shared/components/ui/card'
   7 | import { Badge } from '@/modules/shared/components/ui/badge'
>  8 | import { PackagePreview } from './package-preview'
     | ^^^^^^^^^^^^^^^^^^^^^^^^^^^^^^^^^^^^^^^^^^^^^^^^^^
   9 |
  10 | export function PackageCard(props: { manifest: Manifest; searchWords: string[] }) {
  11 |   const {

Import trace:
  Server Component:
    ./powerhouse/vetra.to/app/packages/components/package-card.tsx
    ./powerhouse/vetra.to/app/packages/page.tsx

https://nextjs.org/docs/messages/module-not-found @ http://localhost:3000/_next/static/chunks/0jvu_next_dist_0kjwy4-._.js:1945
[   61428ms] [ERROR] ./powerhouse/vetra.to/app/packages/[id]/page.tsx:23:1
Module not found: Can't resolve '../components/package-preview'
  21 | import { Button } from '@/modules/shared/components/ui/button'
  22 | import { REGISTRY_URL } from '../lib/constants'
> 23 | import { PackagePreview } from '../components/package-preview'
     | ^^^^^^^^^^^^^^^^^^^^^^^^^^^^^^^^^^^^^^^^^^^^^^^^^^^^^^^^^^^^^^
  24 |
  25 | interface PackageDetailPageProps {
  26 |   params: {

https://nextjs.org/docs/messages/module-not-found @ http://localhost:3000/_next/static/chunks/0jvu_next_dist_0kjwy4-._.js:1945
[   61439ms] [ERROR] ./powerhouse/vetra.to/app/packages/components/package-card.tsx:8:1
Module not found: Can't resolve './package-preview'
   6 | import { Card, CardContent } from '@/modules/shared/components/ui/card'
   7 | import { Badge } from '@/modules/shared/components/ui/badge'
>  8 | import { PackagePreview } from './package-preview'
     | ^^^^^^^^^^^^^^^^^^^^^^^^^^^^^^^^^^^^^^^^^^^^^^^^^^
   9 |
  10 | export function PackageCard(props: { manifest: Manifest; searchWords: string[] }) {
  11 |   const {

Import trace:
  Server Component:
    ./powerhouse/vetra.to/app/packages/components/package-card.tsx
    ./powerhouse/vetra.to/app/packages/page.tsx

https://nextjs.org/docs/messages/module-not-found @ http://localhost:3000/_next/static/chunks/0jvu_next_dist_0kjwy4-._.js:1945
[   61439ms] [ERROR] ./powerhouse/vetra.to/app/packages/[id]/page.tsx:23:1
Module not found: Can't resolve '../components/package-preview'
  21 | import { Button } from '@/modules/shared/components/ui/button'
  22 | import { REGISTRY_URL } from '../lib/constants'
> 23 | import { PackagePreview } from '../components/package-preview'
     | ^^^^^^^^^^^^^^^^^^^^^^^^^^^^^^^^^^^^^^^^^^^^^^^^^^^^^^^^^^^^^^
  24 |
  25 | interface PackageDetailPageProps {
  26 |   params: {

https://nextjs.org/docs/messages/module-not-found @ http://localhost:3000/_next/static/chunks/0jvu_next_dist_0kjwy4-._.js:1945
[   61491ms] [ERROR] ./powerhouse/vetra.to/app/packages/components/package-card.tsx:8:1
Module not found: Can't resolve './package-preview'
   6 | import { Card, CardContent } from '@/modules/shared/components/ui/card'
   7 | import { Badge } from '@/modules/shared/components/ui/badge'
>  8 | import { PackagePreview } from './package-preview'
     | ^^^^^^^^^^^^^^^^^^^^^^^^^^^^^^^^^^^^^^^^^^^^^^^^^^
   9 |
  10 | export function PackageCard(props: { manifest: Manifest; searchWords: string[] }) {
  11 |   const {

Import trace:
  Server Component:
    ./powerhouse/vetra.to/app/packages/components/package-card.tsx
    ./powerhouse/vetra.to/app/packages/page.tsx

https://nextjs.org/docs/messages/module-not-found @ http://localhost:3000/_next/static/chunks/0jvu_next_dist_0kjwy4-._.js:1945
[   61491ms] [ERROR] ./powerhouse/vetra.to/app/packages/[id]/page.tsx:23:1
Module not found: Can't resolve '../components/package-preview'
  21 | import { Button } from '@/modules/shared/components/ui/button'
  22 | import { REGISTRY_URL } from '../lib/constants'
> 23 | import { PackagePreview } from '../components/package-preview'
     | ^^^^^^^^^^^^^^^^^^^^^^^^^^^^^^^^^^^^^^^^^^^^^^^^^^^^^^^^^^^^^^
  24 |
  25 | interface PackageDetailPageProps {
  26 |   params: {

https://nextjs.org/docs/messages/module-not-found @ http://localhost:3000/_next/static/chunks/0jvu_next_dist_0kjwy4-._.js:1945
[   76857ms] [ERROR] ./powerhouse/vetra.to/app/packages/[id]/page.tsx:23:1
Module not found: Can't resolve '../components/package-preview'
  21 | import { Button } from '@/modules/shared/components/ui/button'
  22 | import { REGISTRY_URL } from '../lib/constants'
> 23 | import { PackagePreview } from '../components/package-preview'
     | ^^^^^^^^^^^^^^^^^^^^^^^^^^^^^^^^^^^^^^^^^^^^^^^^^^^^^^^^^^^^^^
  24 |
  25 | interface PackageDetailPageProps {
  26 |   params: {

https://nextjs.org/docs/messages/module-not-found @ http://localhost:3000/_next/static/chunks/0jvu_next_dist_0kjwy4-._.js:1945
[   88373ms] [WARNING] ph global store is not initialized. Did you call setRenown? @ http://localhost:3000/_next/static/chunks/0jvu_next_dist_09tqux~._.js:2431
[   88375ms] [WARNING] ph global store is not initialized. Did you call setRenown? @ http://localhost:3000/_next/static/chunks/0jvu_next_dist_09tqux~._.js:2431
[   88469ms] [ERROR] Cannot update a component (`%s`) while rendering a different component (`%s`). To locate the bad setState() call inside `%s`, follow the stack trace as described in https://react.dev/link/setstate-in-render RenownButton Renown Renown @ http://localhost:3000/_next/static/chunks/0jvu_next_dist_09tqux~._.js:3272
